2021-11-01 17:54:36 Loading main app package /usr/lib/obsidian/obsidian.asar
2021-11-01 17:54:36 Checking for update using Github
2021-11-01 17:54:36 Success.
2021-11-01 17:54:36 Latest version is 0.12.19
2021-11-01 17:54:36 App is up to date.
2021-11-01 18:54:36 Checking for update using Github
2021-11-01 18:54:36 Success.
2021-11-01 18:54:36 Latest version is 0.12.19
2021-11-01 18:54:36 App is up to date.
2021-11-01 19:54:36 Checking for update using Github
2021-11-01 19:54:36 Success.
2021-11-01 19:54:36 Latest version is 0.12.19
2021-11-01 19:54:36 App is up to date.
2021-11-01 20:54:36 Checking for update using Github
2021-11-01 20:54:36 Success.
2021-11-01 20:54:36 Latest version is 0.12.19
2021-11-01 20:54:36 App is up to date.
2021-11-01 23:47:30 Loading main app package /usr/lib/obsidian/obsidian.asar
2021-11-01 23:47:30 Checking for update using Github
2021-11-01 23:47:30 Success.
2021-11-01 23:47:30 Latest version is 0.12.19
2021-11-01 23:47:30 App is up to date.
2021-11-01 23:50:57 Loading main app package /usr/lib/obsidian/obsidian.asar
2021-11-01 23:50:57 Checking for update using Github
2021-11-01 23:50:57 Success.
2021-11-01 23:50:57 Latest version is 0.12.19
2021-11-01 23:50:57 App is up to date.
2021-11-01 23:53:41 Loading main app package /usr/lib/obsidian/obsidian.asar
2021-11-01 23:53:41 Checking for update using Github
2021-11-01 23:53:42 Success.
2021-11-01 23:53:42 Latest version is 0.12.19
2021-11-01 23:53:42 App is up to date.
2021-11-02 00:32:02 Loading main app package /usr/lib/obsidian/obsidian.asar
2021-11-02 00:32:02 Checking for update using Github
2021-11-02 00:32:02 Success.
2021-11-02 00:32:02 Latest version is 0.12.19
2021-11-02 00:32:02 App is up to date.
2021-11-02 10:29:12 Loading main app package /usr/lib/obsidian/obsidian.asar
2021-11-02 10:29:12 Checking for update using Github
2021-11-02 10:29:12 Success.
2021-11-02 10:29:12 Latest version is 0.12.19
2021-11-02 10:29:12 App is up to date.
2021-11-02 11:29:12 Checking for update using Github
2021-11-02 11:29:12 Success.
2021-11-02 11:29:12 Latest version is 0.12.19
2021-11-02 11:29:12 App is up to date.
2021-11-02 12:29:12 Checking for update using Github
2021-11-02 12:29:12 Success.
2021-11-02 12:29:12 Latest version is 0.12.19
2021-11-02 12:29:12 App is up to date.
2021-11-02 13:29:12 Checking for update using Github
2021-11-02 13:29:12 Success.
2021-11-02 13:29:12 Latest version is 0.12.19
2021-11-02 13:29:12 App is up to date.
2021-11-02 14:29:12 Checking for update using Github
2021-11-02 14:29:12 Success.
2021-11-02 14:29:12 Latest version is 0.12.19
2021-11-02 14:29:12 App is up to date.
2021-11-02 15:29:12 Checking for update using Github
2021-11-02 15:29:12 Success.
2021-11-02 15:29:12 Latest version is 0.12.19
2021-11-02 15:29:12 App is up to date.
2021-11-02 16:29:12 Checking for update using Github
2021-11-02 16:29:13 Success.
2021-11-02 16:29:13 Latest version is 0.12.19
2021-11-02 16:29:13 App is up to date.
2021-11-02 17:29:13 Checking for update using Github
2021-11-02 17:29:13 Success.
2021-11-02 17:29:13 Latest version is 0.12.19
2021-11-02 17:29:13 App is up to date.
2021-11-02 18:29:13 Checking for update using Github
2021-11-02 18:29:13 Success.
2021-11-02 18:29:13 Latest version is 0.12.19
2021-11-02 18:29:13 App is up to date.
2021-11-02 18:54:04 Loading main app package /usr/lib/obsidian/obsidian.asar
2021-11-02 18:54:04 Checking for update using Github
2021-11-02 18:54:04 Success.
2021-11-02 18:54:04 Latest version is 0.12.19
2021-11-02 18:54:04 App is up to date.
2021-11-02 19:54:04 Checking for update using Github
2021-11-02 19:54:04 Success.
2021-11-02 19:54:04 Latest version is 0.12.19
2021-11-02 19:54:04 App is up to date.
2021-11-02 20:54:04 Checking for update using Github
2021-11-02 20:54:04 Success.
2021-11-02 20:54:04 Latest version is 0.12.19
2021-11-02 20:54:04 App is up to date.
2021-11-02 21:54:04 Checking for update using Github
2021-11-02 21:54:04 Success.
2021-11-02 21:54:04 Latest version is 0.12.19
2021-11-02 21:54:04 App is up to date.
2021-11-02 22:54:04 Checking for update using Github
2021-11-02 22:54:04 Success.
2021-11-02 22:54:04 Latest version is 0.12.19
2021-11-02 22:54:04 App is up to date.
2021-11-02 23:54:04 Checking for update using Github
2021-11-02 23:54:04 Success.
2021-11-02 23:54:04 Latest version is 0.12.19
2021-11-02 23:54:04 App is up to date.
2021-11-03 00:20:27 Loading main app package /usr/lib/obsidian/obsidian.asar
2021-11-03 00:20:27 Checking for update using Github
2021-11-03 00:54:04 Checking for update using Github
2021-11-03 00:54:04 Success.
2021-11-03 00:54:04 Latest version is 0.12.19
2021-11-03 00:54:04 App is up to date.
2021-11-03 01:54:04 Checking for update using Github
2021-11-03 01:54:05 Success.
2021-11-03 01:54:05 Latest version is 0.12.19
2021-11-03 01:54:05 App is up to date.
2021-11-03 13:52:22 Loading main app package /usr/lib/obsidian/obsidian.asar
2021-11-03 13:52:22 Checking for update using Github
2021-11-03 13:52:22 Success.
2021-11-03 13:52:22 Latest version is 0.12.19
2021-11-03 13:52:22 App is up to date.
2021-11-03 14:52:22 Checking for update using Github
2021-11-03 14:52:22 Success.
2021-11-03 14:52:22 Latest version is 0.12.19
2021-11-03 14:52:22 App is up to date.
2021-11-03 15:52:22 Checking for update using Github
2021-11-03 15:52:22 Success.
2021-11-03 15:52:22 Latest version is 0.12.19
2021-11-03 15:52:22 App is up to date.
2021-11-03 16:52:22 Checking for update using Github
2021-11-03 16:52:22 Success.
2021-11-03 16:52:22 Latest version is 0.12.19
2021-11-03 16:52:22 App is up to date.
2021-11-03 21:21:14 Loading main app package /usr/lib/obsidian/obsidian.asar
2021-11-03 21:21:15 Checking for update using Github
2021-11-03 21:21:15 Success.
2021-11-03 21:21:15 Latest version is 0.12.19
2021-11-03 21:21:15 App is up to date.
2021-11-03 21:23:36 Loading main app package /usr/lib/obsidian/obsidian.asar
2021-11-03 21:23:36 Checking for update using Github
2021-11-03 21:23:36 Success.
2021-11-03 21:23:36 Latest version is 0.12.19
2021-11-03 21:23:36 App is up to date.
2021-11-03 22:23:36 Checking for update using Github
2021-11-03 22:23:36 Success.
2021-11-03 22:23:36 Latest version is 0.12.19
2021-11-03 22:23:36 App is up to date.
2021-11-03 23:23:36 Checking for update using Github
2021-11-03 23:23:36 Success.
2021-11-03 23:23:36 Latest version is 0.12.19
2021-11-03 23:23:36 App is up to date.
2021-11-04 00:23:36 Checking for update using Github
2021-11-04 00:23:37 Success.
2021-11-04 00:23:37 Latest version is 0.12.19
2021-11-04 00:23:37 App is up to date.
2021-11-04 09:42:04 Loading main app package /usr/lib/obsidian/obsidian.asar
2021-11-04 09:42:04 Checking for update using Github
2021-11-04 09:42:05 Success.
2021-11-04 09:42:05 Latest version is 0.12.19
2021-11-04 09:42:05 App is up to date.
2021-11-04 10:42:04 Checking for update using Github
2021-11-04 10:42:04 Success.
2021-11-04 10:42:04 Latest version is 0.12.19
2021-11-04 10:42:04 App is up to date.
2021-11-04 11:42:04 Checking for update using Github
2021-11-04 11:42:04 Success.
2021-11-04 11:42:04 Latest version is 0.12.19
2021-11-04 11:42:04 App is up to date.
2021-11-04 23:47:03 Loading main app package /usr/lib/obsidian/obsidian.asar
2021-11-04 23:47:04 Checking for update using Github
2021-11-04 23:47:04 Success.
2021-11-04 23:47:04 Latest version is 0.12.19
2021-11-04 23:47:04 App is up to date.
2021-11-06 11:46:31 Loading main app package /usr/lib/obsidian/obsidian.asar
2021-11-06 11:46:31 Checking for update using Github
2021-11-06 11:46:32 Success.
2021-11-06 11:46:32 Latest version is 0.12.19
2021-11-06 11:46:32 App is up to date.
2021-11-06 12:46:31 Checking for update using Github
2021-11-06 12:46:31 Success.
2021-11-06 12:46:31 Latest version is 0.12.19
2021-11-06 12:46:31 App is up to date.
2021-11-06 14:20:41 Loading main app package /usr/lib/obsidian/obsidian.asar
2021-11-06 14:20:42 Checking for update using Github
2021-11-06 14:20:42 Success.
2021-11-06 14:20:42 Latest version is 0.12.19
2021-11-06 14:20:42 App is up to date.
2021-11-06 18:36:18 Checking for update using Github
2021-11-06 18:36:18 Success.
2021-11-06 18:36:18 Latest version is 0.12.19
2021-11-06 18:36:18 App is up to date.
2021-11-06 19:36:18 Checking for update using Github
2021-11-06 19:36:18 Success.
2021-11-06 19:36:18 Latest version is 0.12.19
2021-11-06 19:36:18 App is up to date.
2021-11-06 20:36:18 Checking for update using Github
2021-11-06 20:36:19 Success.
2021-11-06 20:36:19 Latest version is 0.12.19
2021-11-06 20:36:19 App is up to date.
2021-11-06 21:36:19 Checking for update using Github
2021-11-06 21:36:19 Success.
2021-11-06 21:36:19 Latest version is 0.12.19
2021-11-06 21:36:19 App is up to date.
2021-11-06 22:36:19 Checking for update using Github
2021-11-06 22:36:19 Success.
2021-11-06 22:36:19 Latest version is 0.12.19
2021-11-06 22:36:19 App is up to date.
2021-11-06 23:36:19 Checking for update using Github
2021-11-06 23:36:19 Success.
2021-11-06 23:36:19 Latest version is 0.12.19
2021-11-06 23:36:19 App is up to date.
2021-11-07 14:26:38 Loading main app package /usr/lib/obsidian/obsidian.asar
2021-11-07 14:26:38 Checking for update using Github
2021-11-07 14:26:38 Success.
2021-11-07 14:26:38 Latest version is 0.12.19
2021-11-07 14:26:38 App is up to date.
2021-11-07 15:26:38 Checking for update using Github
2021-11-07 15:26:38 Success.
2021-11-07 15:26:38 Latest version is 0.12.19
2021-11-07 15:26:38 App is up to date.
2021-11-07 17:35:32 Loading main app package /usr/lib/obsidian/obsidian.asar
2021-11-07 17:35:32 Checking for update using Github
2021-11-07 17:35:32 Success.
2021-11-07 17:35:32 Latest version is 0.12.19
2021-11-07 17:35:32 App is up to date.
2021-11-08 17:55:27 Loading main app package /usr/lib/obsidian/obsidian.asar
2021-11-08 17:55:27 Checking for update using Github
2021-11-08 17:55:27 Success.
2021-11-08 17:55:27 Latest version is 0.12.19
2021-11-08 17:55:27 App is up to date.
2021-11-08 18:55:27 Checking for update using Github
2021-11-08 18:55:27 Success.
2021-11-08 18:55:27 Latest version is 0.12.19
2021-11-08 18:55:27 App is up to date.
2021-11-08 19:55:27 Checking for update using Github
2021-11-08 19:55:27 Success.
2021-11-08 19:55:27 Latest version is 0.12.19
2021-11-08 19:55:27 App is up to date.
2021-11-09 18:15:44 Loading main app package /usr/lib/obsidian/obsidian.asar
2021-11-09 18:15:44 Checking for update using Github
2021-11-09 18:15:44 Success.
2021-11-09 18:15:44 Latest version is 0.12.19
2021-11-09 18:15:44 App is up to date.
2021-11-09 19:58:53 Loading main app package /usr/lib/obsidian/obsidian.asar
2021-11-09 19:58:53 Checking for update using Github
2021-11-09 19:58:54 Success.
2021-11-09 19:58:54 Latest version is 0.12.19
2021-11-09 19:58:54 App is up to date.
2021-11-09 20:58:53 Checking for update using Github
2021-11-09 20:58:53 Success.
2021-11-09 20:58:53 Latest version is 0.12.19
2021-11-09 20:58:53 App is up to date.
2021-11-09 21:58:53 Checking for update using Github
2021-11-09 21:58:53 Success.
2021-11-09 21:58:53 Latest version is 0.12.19
2021-11-09 21:58:53 App is up to date.
2021-11-09 22:58:53 Checking for update using Github
2021-11-09 22:58:54 Success.
2021-11-09 22:58:54 Latest version is 0.12.19
2021-11-09 22:58:54 App is up to date.
2021-11-11 09:50:42 Loading main app package /usr/lib/obsidian/obsidian.asar
2021-11-11 09:50:42 Checking for update using Github
2021-11-11 09:50:42 Success.
2021-11-11 09:50:42 Latest version is 0.12.19
2021-11-11 09:50:42 App is up to date.
2021-11-11 10:50:42 Checking for update using Github
2021-11-11 10:50:42 Success.
2021-11-11 10:50:42 Latest version is 0.12.19
2021-11-11 10:50:42 App is up to date.
2021-11-11 23:17:50 Loading main app package /usr/lib/obsidian/obsidian.asar
2021-11-11 23:17:51 Checking for update using Github
2021-11-11 23:17:51 Success.
2021-11-11 23:17:51 Latest version is 0.12.19
2021-11-11 23:17:51 App is up to date.
2021-11-11 23:35:37 Loading main app package /usr/lib/obsidian/obsidian.asar
2021-11-11 23:35:37 Checking for update using Github
2021-11-11 23:35:37 Success.
2021-11-11 23:35:37 Latest version is 0.12.19
2021-11-11 23:35:37 App is up to date.
2021-11-11 23:55:29 Loading main app package /usr/lib/obsidian/obsidian.asar
2021-11-11 23:55:29 Checking for update using Github
2021-11-11 23:55:30 Success.
2021-11-11 23:55:30 Latest version is 0.12.19
2021-11-11 23:55:30 App is up to date.
2021-11-14 14:34:15 Loading main app package /usr/lib/obsidian/obsidian.asar
2021-11-14 14:34:15 Checking for update using Github
2021-11-14 14:34:15 Success.
2021-11-14 14:34:15 Latest version is 0.12.19
2021-11-14 14:34:15 App is up to date.
2021-11-14 15:34:15 Checking for update using Github
2021-11-14 15:34:15 Success.
2021-11-14 15:34:15 Latest version is 0.12.19
2021-11-14 15:34:15 App is up to date.
2021-11-17 17:56:37 Loading main app package /usr/lib/obsidian/obsidian.asar
2021-11-17 17:56:37 Checking for update using Github
2021-11-17 17:56:37 Success.
2021-11-17 17:56:37 Latest version is 0.12.19
2021-11-17 17:56:37 App is up to date.
2021-11-17 18:56:37 Checking for update using Github
2021-11-17 18:56:37 Success.
2021-11-17 18:56:37 Latest version is 0.12.19
2021-11-17 18:56:37 App is up to date.
2021-11-17 19:56:37 Checking for update using Github
2021-11-17 19:56:37 Success.
2021-11-17 19:56:37 Latest version is 0.12.19
2021-11-17 19:56:37 App is up to date.
2021-11-17 20:56:37 Checking for update using Github
2021-11-17 20:56:37 Success.
2021-11-17 20:56:37 Latest version is 0.12.19
2021-11-17 20:56:37 App is up to date.
2021-11-17 21:24:38 Loading main app package /usr/lib/obsidian/obsidian.asar
2021-11-17 21:24:38 Checking for update using Github
2021-11-17 21:24:38 Success.
2021-11-17 21:24:38 Latest version is 0.12.19
2021-11-17 21:24:38 App is up to date.
2021-11-20 15:11:34 Loading main app package /usr/lib/obsidian/obsidian.asar
2021-11-20 15:11:34 Checking for update using Github
2021-11-20 15:11:35 Success.
2021-11-20 15:11:35 Latest version is 0.12.19
2021-11-20 15:11:35 App is up to date.
2021-11-20 16:11:34 Checking for update using Github
2021-11-20 16:11:34 Success.
2021-11-20 16:11:34 Latest version is 0.12.19
2021-11-20 16:11:34 App is up to date.
2021-11-20 17:11:34 Checking for update using Github
2021-11-20 17:11:35 Success.
2021-11-20 17:11:35 Latest version is 0.12.19
2021-11-20 17:11:35 App is up to date.
2021-11-26 17:37:06 Loading main app package /usr/lib/obsidian/obsidian.asar
2021-11-26 17:37:06 Checking for update using Github
2021-11-26 17:37:06 Success.
2021-11-26 17:37:06 Latest version is 0.12.19
2021-11-26 17:37:06 App is up to date.
2021-11-26 19:57:29 Loading main app package /usr/lib/obsidian/obsidian.asar
2021-11-26 19:57:30 Checking for update using Github
2021-11-26 19:57:30 Success.
2021-11-26 19:57:30 Latest version is 0.12.19
2021-11-26 19:57:30 App is up to date.
2021-11-27 00:21:06 Loading main app package /usr/lib/obsidian/obsidian.asar
2021-11-27 00:21:06 Checking for update using Github
2021-11-27 00:21:07 Success.
2021-11-27 00:21:07 Latest version is 0.12.19
2021-11-27 00:21:07 App is up to date.
2021-11-27 11:11:59 Loading main app package /usr/lib/obsidian/obsidian.asar
2021-11-27 11:11:59 Checking for update using Github
2021-11-27 11:11:59 Success.
2021-11-27 11:11:59 Latest version is 0.12.19
2021-11-27 11:11:59 App is up to date.
2021-11-27 12:11:59 Checking for update using Github
2021-11-27 12:11:59 Success.
2021-11-27 12:11:59 Latest version is 0.12.19
2021-11-27 12:11:59 App is up to date.
2021-11-27 13:11:59 Checking for update using Github
2021-11-27 13:11:59 Success.
2021-11-27 13:11:59 Latest version is 0.12.19
2021-11-27 13:11:59 App is up to date.
2021-11-27 14:11:59 Checking for update using Github
2021-11-27 14:11:59 Success.
2021-11-27 14:11:59 Latest version is 0.12.19
2021-11-27 14:11:59 App is up to date.
2021-11-28 14:29:20 Loading main app package /usr/lib/obsidian/obsidian.asar
2021-11-28 14:29:20 Checking for update using Github
2021-11-28 14:29:20 Success.
2021-11-28 14:29:20 Latest version is 0.12.19
2021-11-28 14:29:20 App is up to date.
2021-11-28 15:29:20 Checking for update using Github
2021-11-28 15:29:20 Success.
2021-11-28 15:29:20 Latest version is 0.12.19
2021-11-28 15:29:20 App is up to date.
2021-11-29 15:20:17 Loading main app package /usr/lib/obsidian/obsidian.asar
2021-11-29 15:20:17 Checking for update using Github
2021-11-29 15:20:17 Success.
2021-11-29 15:20:17 Latest version is 0.12.19
2021-11-29 15:20:17 App is up to date.
2021-11-29 16:20:17 Checking for update using Github
2021-11-29 16:20:17 Success.
2021-11-29 16:20:17 Latest version is 0.12.19
2021-11-29 16:20:17 App is up to date.
2021-11-29 17:20:17 Checking for update using Github
2021-11-29 17:20:17 Success.
2021-11-29 17:20:17 Latest version is 0.12.19
2021-11-29 17:20:17 App is up to date.
2021-11-29 18:20:17 Checking for update using Github
2021-11-29 18:20:17 Success.
2021-11-29 18:20:17 Latest version is 0.12.19
2021-11-29 18:20:17 App is up to date.
2021-11-29 19:20:17 Checking for update using Github
2021-11-29 19:20:17 Success.
2021-11-29 19:20:17 Latest version is 0.12.19
2021-11-29 19:20:17 App is up to date.
2021-11-29 20:20:17 Checking for update using Github
2021-11-29 20:20:17 Success.
2021-11-29 20:20:17 Latest version is 0.12.19
2021-11-29 20:20:17 App is up to date.
2021-11-29 21:20:17 Checking for update using Github
2021-11-29 21:20:17 Success.
2021-11-29 21:20:17 Latest version is 0.12.19
2021-11-29 21:20:17 App is up to date.
2021-11-29 22:20:17 Checking for update using Github
2021-11-29 22:20:17 Success.
2021-11-29 22:20:17 Latest version is 0.12.19
2021-11-29 22:20:17 App is up to date.
2021-11-29 23:20:17 Checking for update using Github
2021-11-29 23:20:18 Success.
2021-11-29 23:20:18 Latest version is 0.12.19
2021-11-29 23:20:18 App is up to date.
2021-12-07 19:15:20 Checking for update using Github
2021-12-07 19:15:21 Success.
2021-12-07 19:15:21 Latest version is 0.12.19
2021-12-07 19:15:21 App is up to date.
2021-12-07 21:57:44 Loading main app package /usr/lib/obsidian/obsidian.asar
2021-12-07 21:57:44 Checking for update using Github
2021-12-07 21:57:44 Success.
2021-12-07 21:57:44 Latest version is 0.12.19
2021-12-07 21:57:44 App is up to date.
2021-12-07 22:57:44 Checking for update using Github
2021-12-07 22:57:44 Success.
2021-12-07 22:57:44 Latest version is 0.12.19
2021-12-07 22:57:44 App is up to date.
2021-12-07 23:57:44 Checking for update using Github
2021-12-07 23:57:44 Success.
2021-12-07 23:57:44 Latest version is 0.12.19
2021-12-07 23:57:44 App is up to date.
2021-12-08 00:57:44 Checking for update using Github
2021-12-08 00:57:44 Success.
2021-12-08 00:57:44 Latest version is 0.12.19
2021-12-08 00:57:44 App is up to date.
2021-12-08 00:58:56 Checking for update using Github
2021-12-08 00:58:56 Success.
2021-12-08 00:58:56 Latest version is 0.12.19
2021-12-08 00:58:56 App is up to date.
2021-12-08 18:13:06 Loading main app package /usr/lib/obsidian/obsidian.asar
2021-12-08 18:13:07 Checking for update using Github
2021-12-08 18:13:07 Success.
2021-12-08 18:13:07 Latest version is 0.12.19
2021-12-08 18:13:07 App is up to date.
2021-12-08 19:13:06 Checking for update using Github
2021-12-08 19:13:07 Success.
2021-12-08 19:13:07 Latest version is 0.12.19
2021-12-08 19:13:07 App is up to date.
2021-12-08 20:13:07 Checking for update using Github
2021-12-08 20:13:07 Success.
2021-12-08 20:13:07 Latest version is 0.12.19
2021-12-08 20:13:07 App is up to date.
2021-12-09 10:56:07 Checking for update using Github
2021-12-09 10:56:07 Success.
2021-12-09 10:56:07 Latest version is 0.12.19
2021-12-09 10:56:07 App is up to date.
2021-12-09 11:56:07 Checking for update using Github
2021-12-09 11:56:07 Success.
2021-12-09 11:56:07 Latest version is 0.12.19
2021-12-09 11:56:07 App is up to date.
2021-12-09 12:56:07 Checking for update using Github
2021-12-09 12:56:07 Success.
2021-12-09 12:56:07 Latest version is 0.12.19
2021-12-09 12:56:07 App is up to date.
2021-12-09 13:56:07 Checking for update using Github
2021-12-09 13:56:07 Success.
2021-12-09 13:56:07 Latest version is 0.12.19
2021-12-09 13:56:07 App is up to date.
2021-12-09 14:56:07 Checking for update using Github
2021-12-09 14:56:07 Success.
2021-12-09 14:56:07 Latest version is 0.12.19
2021-12-09 14:56:07 App is up to date.
2021-12-09 15:56:07 Checking for update using Github
2021-12-09 15:56:07 Success.
2021-12-09 15:56:07 Latest version is 0.12.19
2021-12-09 15:56:07 App is up to date.
2021-12-09 16:56:07 Checking for update using Github
2021-12-09 16:56:07 Success.
2021-12-09 16:56:07 Latest version is 0.12.19
2021-12-09 16:56:07 App is up to date.
2021-12-09 17:56:07 Checking for update using Github
2021-12-09 17:56:07 Success.
2021-12-09 17:56:07 Latest version is 0.12.19
2021-12-09 17:56:07 App is up to date.
2021-12-09 18:56:07 Checking for update using Github
2021-12-09 18:56:08 Success.
2021-12-09 18:56:08 Latest version is 0.12.19
2021-12-09 18:56:08 App is up to date.
2021-12-09 19:56:08 Checking for update using Github
2021-12-09 19:56:08 Success.
2021-12-09 19:56:08 Latest version is 0.12.19
2021-12-09 19:56:08 App is up to date.
2021-12-09 20:56:08 Checking for update using Github
2021-12-09 20:56:08 Success.
2021-12-09 20:56:08 Latest version is 0.12.19
2021-12-09 20:56:08 App is up to date.
2021-12-10 00:07:36 Loading main app package /usr/lib/obsidian/obsidian.asar
2021-12-10 00:07:36 Checking for update using Github
2021-12-10 00:07:36 Success.
2021-12-10 00:07:36 Latest version is 0.12.19
2021-12-10 00:07:36 App is up to date.
2021-12-10 15:41:15 Loading main app package /usr/lib/obsidian/obsidian.asar
2021-12-10 15:41:15 Checking for update using Github
2021-12-10 15:41:15 Success.
2021-12-10 15:41:15 Latest version is 0.12.19
2021-12-10 15:41:15 App is up to date.
2021-12-11 15:33:24 Loading main app package /usr/lib/obsidian/obsidian.asar
2021-12-11 15:33:25 Checking for update using Github
2021-12-11 15:33:25 Success.
2021-12-11 15:33:25 Latest version is 0.12.19
2021-12-11 15:33:25 App is up to date.
2021-12-11 16:33:24 Checking for update using Github
2021-12-11 16:33:25 Success.
2021-12-11 16:33:25 Latest version is 0.12.19
2021-12-11 16:33:25 App is up to date.
2021-12-12 21:26:07 Loading main app package /usr/lib/obsidian/obsidian.asar
2021-12-12 21:26:07 Checking for update using Github
2021-12-12 21:26:08 Success.
2021-12-12 21:26:08 Latest version is 0.12.19
2021-12-12 21:26:08 App is up to date.
2021-12-12 22:26:07 Checking for update using Github
2021-12-12 22:26:07 Success.
2021-12-12 22:26:07 Latest version is 0.12.19
2021-12-12 22:26:07 App is up to date.
2021-12-12 23:26:07 Checking for update using Github
2021-12-12 23:26:07 Success.
2021-12-12 23:26:07 Latest version is 0.12.19
2021-12-12 23:26:07 App is up to date.
2021-12-13 00:26:07 Checking for update using Github
2021-12-13 00:26:08 Success.
2021-12-13 00:26:08 Latest version is 0.12.19
2021-12-13 00:26:08 App is up to date.
2021-12-13 01:26:08 Checking for update using Github
2021-12-13 01:26:08 Success.
2021-12-13 01:26:08 Latest version is 0.12.19
2021-12-13 01:26:08 App is up to date.
2021-12-13 15:16:09 Loading main app package /usr/lib/obsidian/obsidian.asar
2021-12-13 15:16:09 Checking for update using Github
2021-12-13 15:30:57 Checking for update using Github
2021-12-13 15:30:57 Success.
2021-12-13 15:30:57 Latest version is 0.12.19
2021-12-13 15:30:57 App is up to date.
2021-12-13 16:30:57 Checking for update using Github
2021-12-13 16:30:57 Success.
2021-12-13 16:30:57 Latest version is 0.12.19
2021-12-13 16:30:57 App is up to date.
2021-12-13 17:08:35 Loading main app package /usr/lib/obsidian/obsidian.asar
2021-12-13 17:08:35 Checking for update using Github
2021-12-13 17:08:35 Success.
2021-12-13 17:08:35 Latest version is 0.12.19
2021-12-13 17:08:35 App is up to date.
2021-12-13 18:08:35 Checking for update using Github
2021-12-13 18:08:35 Success.
2021-12-13 18:08:35 Latest version is 0.12.19
2021-12-13 18:08:35 App is up to date.
2021-12-13 19:08:35 Checking for update using Github
2021-12-13 19:08:35 Success.
2021-12-13 19:08:35 Latest version is 0.12.19
2021-12-13 19:08:35 App is up to date.
2021-12-14 11:08:52 Loading main app package /usr/lib/obsidian/obsidian.asar
2021-12-14 11:08:52 Checking for update using Github
2021-12-14 11:08:52 Success.
2021-12-14 11:08:52 Latest version is 0.12.19
2021-12-14 11:08:52 App is up to date.
2021-12-14 11:26:26 Loading main app package /usr/lib/obsidian/obsidian.asar
2021-12-14 11:26:26 Checking for update using Github
2021-12-14 11:26:27 Success.
2021-12-14 11:26:27 Latest version is 0.12.19
2021-12-14 11:26:27 App is up to date.
2021-12-15 12:04:30 Loading main app package /usr/lib/obsidian/obsidian.asar
2021-12-15 12:04:30 Checking for update using Github
2021-12-15 12:04:30 Success.
2021-12-15 12:04:30 Latest version is 0.12.19
2021-12-15 12:04:30 App is up to date.
2021-12-16 14:09:25 Loading main app package /usr/lib/obsidian/obsidian.asar
2021-12-16 14:09:26 Checking for update using Github
2021-12-16 14:09:26 Success.
2021-12-16 14:09:26 Latest version is 0.12.19
2021-12-16 14:09:26 App is up to date.
2021-12-16 15:09:26 Checking for update using Github
2021-12-16 15:09:26 Success.
2021-12-16 15:09:26 Latest version is 0.12.19
2021-12-16 15:09:26 App is up to date.
2021-12-16 15:12:40 Loading main app package /usr/lib/obsidian/obsidian.asar
2021-12-16 15:12:40 Checking for update using Github
2021-12-16 15:12:40 Success.
2021-12-16 15:12:40 Latest version is 0.12.19
2021-12-16 15:12:40 App is up to date.
2021-12-16 15:22:27 Loading main app package /usr/lib/obsidian/obsidian.asar
2021-12-16 15:22:27 Checking for update using Github
2021-12-16 15:22:28 Success.
2021-12-16 15:22:28 Latest version is 0.12.19
2021-12-16 15:22:28 App is up to date.
2021-12-16 23:41:23 Loading main app package /usr/lib/obsidian/obsidian.asar
2021-12-16 23:41:23 Checking for update using Github
2021-12-16 23:41:23 Success.
2021-12-16 23:41:23 Latest version is 0.12.19
2021-12-16 23:41:23 App is up to date.
2021-12-17 13:39:22 Loading main app package /usr/lib/obsidian/obsidian.asar
2021-12-17 13:39:22 Checking for update using Github
2021-12-17 13:39:22 Success.
2021-12-17 13:39:22 Latest version is 0.12.19
2021-12-17 13:39:22 App is up to date.
2021-12-17 18:27:03 Loading main app package /usr/lib/obsidian/obsidian.asar
2021-12-17 18:27:04 Checking for update using Github
2021-12-17 18:27:04 Success.
2021-12-17 18:27:04 Latest version is 0.12.19
2021-12-17 18:27:04 App is up to date.
